<?xml version="1.0" encoding="UTF-8"?>
<!-- Generated by org.testng.reporters.JUnitReportReporter -->
<testsuite hostname="CP1354" name="com.eleks.Demo1.tests.FirstTest1" tests="1" failures="0" timestamp="31 Mar 2016 17:44:38 GMT" time="14.090" errors="0">
  <testcase name="testMethod" time="14.090" classname="com.eleks.Demo1.tests.FirstTest1"/>
</testsuite> <!-- com.eleks.Demo1.tests.FirstTest1 -->
