<?xml version="1.0" encoding="UTF-8"?>
<!-- Generated by org.testng.reporters.JUnitReportReporter -->
<testsuite hostname="CP1354" name="com.eleks.Demo1.tests.LoginTest3" tests="2" failures="0" timestamp="1 Apr 2016 10:21:57 GMT" time="23.759" errors="0">
  <testcase name="LoginTest" time="10.119" classname="com.eleks.Demo1.tests.LoginTest3"/>
  <testcase name="LoginTest" time="13.640" classname="com.eleks.Demo1.tests.LoginTest3"/>
</testsuite> <!-- com.eleks.Demo1.tests.LoginTest3 -->
