<?xml version="1.0" encoding="UTF-8"?>
<!-- Generated by org.testng.reporters.JUnitReportReporter -->
<testsuite hostname="CP1354" name="com.eleks.Demo1.tests.FirstTest1" tests="2" failures="0" timestamp="31 Mar 2016 12:25:15 GMT" time="14.293" errors="0">
  <testcase name="testMethod" time="5.833" classname="com.eleks.Demo1.tests.FirstTest1"/>
  <testcase name="testMethod" time="8.460" classname="com.eleks.Demo1.tests.FirstTest1"/>
</testsuite> <!-- com.eleks.Demo1.tests.FirstTest1 -->
